<?xml version="1.0" encoding="UTF-8"?>
<testsuite name="com.kodilla.stream.forum.SimpleInvoiceTestSuite" tests="1" skipped="0" failures="0" errors="0" timestamp="2019-03-18T11:44:47" hostname="DESKTOP-UB8B4SG" time="0.004">
  <properties/>
  <testcase name="testGetValueToPay" classname="com.kodilla.stream.forum.SimpleInvoiceTestSuite" time="0.004"/>
  <system-out><![CDATA[]]></system-out>
  <system-err><![CDATA[]]></system-err>
</testsuite>
