<?xml version="1.0" encoding="UTF-8"?>
<testsuite name="com.kodilla.stream.portfolio.BoardTestSuite" tests="4" skipped="0" failures="0" errors="0" timestamp="2019-03-18T11:44:47" hostname="DESKTOP-UB8B4SG" time="0.066">
  <properties/>
  <testcase name="testAddTaskList" classname="com.kodilla.stream.portfolio.BoardTestSuite" time="0.035"/>
  <testcase name="testAddTaskListFindUsersTasks" classname="com.kodilla.stream.portfolio.BoardTestSuite" time="0.004"/>
  <testcase name="testAddTaskListFindLongTasks" classname="com.kodilla.stream.portfolio.BoardTestSuite" time="0.011"/>
  <testcase name="testAddTaskListAvarageWorkingTask" classname="com.kodilla.stream.portfolio.BoardTestSuite" time="0.016"/>
  <system-out><![CDATA[35
15
]]></system-out>
  <system-err><![CDATA[]]></system-err>
</testsuite>
