<?xml version="1.0" encoding="UTF-8"?>
<testsuite name="com.kodilla.spring.portfolio.BoardTestSuite" tests="1" skipped="0" failures="0" errors="0" timestamp="2019-05-08T09:46:10" hostname="DESKTOP-UB8B4SG" time="0.023">
  <properties/>
  <testcase name="testTaskAdd" classname="com.kodilla.spring.portfolio.BoardTestSuite" time="0.023"/>
  <system-out><![CDATA[2019-05-08 11:46:10.863  INFO 13116 --- [    Test worker] .b.t.c.SpringBootTestContextBootstrapper : Neither @ContextConfiguration nor @ContextHierarchy found for test class [com.kodilla.spring.portfolio.BoardTestSuite], using SpringBootContextLoader
2019-05-08 11:46:10.865  INFO 13116 --- [    Test worker] o.s.t.c.support.AbstractContextLoader    : Could not detect default resource locations for test class [com.kodilla.spring.portfolio.BoardTestSuite]: no resource found for suffixes {-context.xml, Context.groovy}.
2019-05-08 11:46:10.866  INFO 13116 --- [    Test worker] t.c.s.AnnotationConfigContextLoaderUtils : Could not detect default configuration classes for test class [com.kodilla.spring.portfolio.BoardTestSuite]: BoardTestSuite does not declare any static, non-private, non-final, nested classes annotated with @Configuration.
2019-05-08 11:46:10.884  INFO 13116 --- [    Test worker] .b.t.c.SpringBootTestContextBootstrapper : Found @SpringBootConfiguration com.kodilla.spring.SpringRunner for test class com.kodilla.spring.portfolio.BoardTestSuite
2019-05-08 11:46:10.886  INFO 13116 --- [    Test worker] .b.t.c.SpringBootTestContextBootstrapper : Loaded default TestExecutionListener class names from location [META-INF/spring.factories]: [org.springframework.boot.test.autoconfigure.restdocs.RestDocsTestExecutionListener, org.springframework.boot.test.autoconfigure.web.client.MockRestServiceServerResetTestExecutionListener, org.springframework.boot.test.autoconfigure.web.servlet.MockMvcPrintOnlyOnFailureTestExecutionListener, org.springframework.boot.test.autoconfigure.web.servlet.WebDriverTestExecutionListener, org.springframework.boot.test.mock.mockito.MockitoTestExecutionListener, org.springframework.boot.test.mock.mockito.ResetMocksTestExecutionListener, org.springframework.test.context.web.ServletTestExecutionListener, org.springframework.test.context.support.DirtiesContextBeforeModesTestExecutionListener, org.springframework.test.context.support.DependencyInjectionTestExecutionListener, org.springframework.test.context.support.DirtiesContextTestExecutionListener, org.springframework.test.context.transaction.TransactionalTestExecutionListener, org.springframework.test.context.jdbc.SqlScriptsTestExecutionListener]
2019-05-08 11:46:10.887  INFO 13116 --- [    Test worker] .b.t.c.SpringBootTestContextBootstrapper : Using TestExecutionListeners: [org.springframework.test.context.web.ServletTestExecutionListener@72b7153, org.springframework.test.context.support.DirtiesContextBeforeModesTestExecutionListener@1ba7cf09, org.springframework.boot.test.mock.mockito.MockitoTestExecutionListener@493cadb9, org.springframework.boot.test.autoconfigure.SpringBootDependencyInjectionTestExecutionListener@1cde0f98, org.springframework.test.context.support.DirtiesContextTestExecutionListener@40a344b9, org.springframework.boot.test.autoconfigure.restdocs.RestDocsTestExecutionListener@65590423, org.springframework.boot.test.autoconfigure.web.client.MockRestServiceServerResetTestExecutionListener@49242c54, org.springframework.boot.test.autoconfigure.web.servlet.MockMvcPrintOnlyOnFailureTestExecutionListener@256a5827, org.springframework.boot.test.autoconfigure.web.servlet.WebDriverTestExecutionListener@7f3656bf, org.springframework.boot.test.mock.mockito.ResetMocksTestExecutionListener@52632d66]
Task from ToDoList
Task from InProgressList
Task from DoneList
]]></system-out>
  <system-err><![CDATA[]]></system-err>
</testsuite>
