<?xml version="1.0" encoding="UTF-8"?>
<testsuite name="com.kodilla.spring.calculator.CalculatorTestSuite" tests="1" skipped="0" failures="0" errors="0" timestamp="2019-05-08T09:46:09" hostname="DESKTOP-UB8B4SG" time="0.34">
  <properties/>
  <testcase name="testCalculations" classname="com.kodilla.spring.calculator.CalculatorTestSuite" time="0.34"/>
  <system-out><![CDATA[2019-05-08 11:46:09.669  INFO 13116 --- [    Test worker] .b.t.c.SpringBootTestContextBootstrapper : Neither @ContextConfiguration nor @ContextHierarchy found for test class [com.kodilla.spring.calculator.CalculatorTestSuite], using SpringBootContextLoader
2019-05-08 11:46:09.670  INFO 13116 --- [    Test worker] o.s.t.c.support.AbstractContextLoader    : Could not detect default resource locations for test class [com.kodilla.spring.calculator.CalculatorTestSuite]: no resource found for suffixes {-context.xml, Context.groovy}.
2019-05-08 11:46:09.671  INFO 13116 --- [    Test worker] t.c.s.AnnotationConfigContextLoaderUtils : Could not detect default configuration classes for test class [com.kodilla.spring.calculator.CalculatorTestSuite]: CalculatorTestSuite does not declare any static, non-private, non-final, nested classes annotated with @Configuration.
2019-05-08 11:46:09.687  INFO 13116 --- [    Test worker] .b.t.c.SpringBootTestContextBootstrapper : Found @SpringBootConfiguration com.kodilla.spring.SpringRunner for test class com.kodilla.spring.calculator.CalculatorTestSuite
2019-05-08 11:46:09.690  INFO 13116 --- [    Test worker] .b.t.c.SpringBootTestContextBootstrapper : Loaded default TestExecutionListener class names from location [META-INF/spring.factories]: [org.springframework.boot.test.autoconfigure.restdocs.RestDocsTestExecutionListener, org.springframework.boot.test.autoconfigure.web.client.MockRestServiceServerResetTestExecutionListener, org.springframework.boot.test.autoconfigure.web.servlet.MockMvcPrintOnlyOnFailureTestExecutionListener, org.springframework.boot.test.autoconfigure.web.servlet.WebDriverTestExecutionListener, org.springframework.boot.test.mock.mockito.MockitoTestExecutionListener, org.springframework.boot.test.mock.mockito.ResetMocksTestExecutionListener, org.springframework.test.context.web.ServletTestExecutionListener, org.springframework.test.context.support.DirtiesContextBeforeModesTestExecutionListener, org.springframework.test.context.support.DependencyInjectionTestExecutionListener, org.springframework.test.context.support.DirtiesContextTestExecutionListener, org.springframework.test.context.transaction.TransactionalTestExecutionListener, org.springframework.test.context.jdbc.SqlScriptsTestExecutionListener]
2019-05-08 11:46:09.691  INFO 13116 --- [    Test worker] .b.t.c.SpringBootTestContextBootstrapper : Using TestExecutionListeners: [org.springframework.test.context.web.ServletTestExecutionListener@76381b48, org.springframework.test.context.support.DirtiesContextBeforeModesTestExecutionListener@459f3ac, org.springframework.boot.test.mock.mockito.MockitoTestExecutionListener@7f8ec37c, org.springframework.boot.test.autoconfigure.SpringBootDependencyInjectionTestExecutionListener@1daf326b, org.springframework.test.context.support.DirtiesContextTestExecutionListener@2b7b88cd, org.springframework.boot.test.autoconfigure.restdocs.RestDocsTestExecutionListener@6074da9d, org.springframework.boot.test.autoconfigure.web.client.MockRestServiceServerResetTestExecutionListener@69e870cc, org.springframework.boot.test.autoconfigure.web.servlet.MockMvcPrintOnlyOnFailureTestExecutionListener@db03bf0, org.springframework.boot.test.autoconfigure.web.servlet.WebDriverTestExecutionListener@7a7af76b, org.springframework.boot.test.mock.mockito.ResetMocksTestExecutionListener@3c9c6a8b]
Value = 15.0
Value = 5.0
Value = 50.0
Value = 2.0
]]></system-out>
  <system-err><![CDATA[]]></system-err>
</testsuite>
