<?xml version="1.0" encoding="UTF-8"?>
<testsuite name="prototype.BoardTestSuite" tests="1" skipped="0" failures="0" errors="0" timestamp="2019-05-08T09:26:14" hostname="DESKTOP-UB8B4SG" time="0.019">
  <properties/>
  <testcase name="testToString" classname="prototype.BoardTestSuite" time="0.019"/>
  <system-out><![CDATA[Board [Project number 1]
   List[Done Task]
     Task [Done Task number 1}
     Task [Done Task number 2}
     Task [Done Task number 3}
     Task [Done Task number 4}
     Task [Done Task number 5}
     Task [Done Task number 6}
     Task [Done Task number 7}
     Task [Done Task number 8}
     Task [Done Task number 9}
     Task [Done Task number 10}
   List[In progress Task]
     Task [In progress Task number 1}
     Task [In progress Task number 2}
     Task [In progress Task number 3}
     Task [In progress Task number 4}
     Task [In progress Task number 5}
     Task [In progress Task number 6}
     Task [In progress Task number 7}
     Task [In progress Task number 8}
     Task [In progress Task number 9}
     Task [In progress Task number 10}

Board [Project number 2]
   List[Done Task]
     Task [Done Task number 1}
     Task [Done Task number 2}
     Task [Done Task number 3}
     Task [Done Task number 4}
     Task [Done Task number 5}
     Task [Done Task number 6}
     Task [Done Task number 7}
     Task [Done Task number 8}
     Task [Done Task number 9}
     Task [Done Task number 10}
   List[In progress Task]
     Task [In progress Task number 1}
     Task [In progress Task number 2}
     Task [In progress Task number 3}
     Task [In progress Task number 4}
     Task [In progress Task number 5}
     Task [In progress Task number 6}
     Task [In progress Task number 7}
     Task [In progress Task number 8}
     Task [In progress Task number 9}
     Task [In progress Task number 10}

Board [Project number 3]
   List[In progress Task]
     Task [In progress Task number 1}
     Task [In progress Task number 2}
     Task [In progress Task number 3}
     Task [In progress Task number 4}
     Task [In progress Task number 5}
     Task [In progress Task number 6}
     Task [In progress Task number 7}
     Task [In progress Task number 8}
     Task [In progress Task number 9}
     Task [In progress Task number 10}
   List[To Do Task]
     Task [To Do Task number 1}
     Task [To Do Task number 2}
     Task [To Do Task number 3}
     Task [To Do Task number 4}
     Task [To Do Task number 5}
     Task [To Do Task number 6}
     Task [To Do Task number 7}
     Task [To Do Task number 8}
     Task [To Do Task number 9}
     Task [To Do Task number 10}
   List[Done Task]
     Task [Done Task number 1}
     Task [Done Task number 2}
     Task [Done Task number 3}
     Task [Done Task number 4}
     Task [Done Task number 5}
     Task [Done Task number 6}
     Task [Done Task number 7}
     Task [Done Task number 8}
     Task [Done Task number 9}
     Task [Done Task number 10}

]]></system-out>
  <system-err><![CDATA[]]></system-err>
</testsuite>
