<?xml version="1.0" encoding="UTF-8"?>
<testsuite name="com.kodilla.jdbc.DbManagerTestSuite" tests="3" skipped="0" failures="0" errors="0" timestamp="2019-05-08T09:19:24" hostname="DESKTOP-UB8B4SG" time="0.573">
  <properties/>
  <testcase name="testSelectUsers" classname="com.kodilla.jdbc.DbManagerTestSuite" time="0.555"/>
  <testcase name="testConnect" classname="com.kodilla.jdbc.DbManagerTestSuite" time="0.0"/>
  <testcase name="testSelectUsersAndPosts" classname="com.kodilla.jdbc.DbManagerTestSuite" time="0.018"/>
  <system-out><![CDATA[1, John, Smith
2, Steve, Jones
3, Zachary, Lee
4, Stephanie, Kovalsky
5, Thomas, Landgren
6, John, Thomson
John, Smith, 2
Steve, Jones, 3
]]></system-out>
  <system-err><![CDATA[]]></system-err>
</testsuite>
